s6-rc: info: service s6rc-oneshot-runner: starting
s6-rc: info: service s6rc-oneshot-runner successfully started
s6-rc: info: service fix-attrs: starting
s6-rc: info: service fix-attrs successfully started
s6-rc: info: service legacy-cont-init: starting
s6-rc: info: service legacy-cont-init successfully started
s6-rc: info: service legacy-services: starting
services-up: info: copying legacy longrun home-assistant (no readiness notification)
s6-rc: info: service legacy-services successfully started
2026-07-11 21:46:23.093 WARNING (SyncWorker_0) [homeassistant.loader] We found a custom integration hacs which has not been tested by Home Assistant. This component might cause stability problems, be sure to disable it if you experience issues with Home Assistant
2026-07-11 21:46:23.094 WARNING (SyncWorker_0) [homeassistant.loader] We found a custom integration ge_home which has not been tested by Home Assistant. This component might cause stability problems, be sure to disable it if you experience issues with Home Assistant
2026-07-11 21:46:32.297 WARNING (MainThread) [custom_components.ge_home.sensor] GE_HOME_LAUNDRY_STATE_DIAG platform_api_summary platform=sensor.py api_class=WasherDryerApi total_entities=13 platform_entities=10 laundry_entities=13
2026-07-11 21:46:32.297 WARNING (MainThread) [custom_components.ge_home.sensor] GE_HOME_LAUNDRY_STATE_DIAG platform_discovery platform=sensor.py unique_id=ge_home_AZ312796N_laundry_machine_state entity_id=None class=GeErdSensor registered_by_entity_id=False
2026-07-11 21:46:32.298 WARNING (MainThread) [custom_components.ge_home.sensor] GE_HOME_LAUNDRY_STATE_DIAG platform_discovery platform=sensor.py unique_id=ge_home_AZ312796N_laundry_cycle entity_id=None class=GeErdSensor registered_by_entity_id=False
2026-07-11 21:46:32.298 WARNING (MainThread) [custom_components.ge_home.sensor] GE_HOME_LAUNDRY_STATE_DIAG platform_discovery platform=sensor.py unique_id=ge_home_AZ312796N_laundry_sub_cycle entity_id=None class=GeErdSensor registered_by_entity_id=False
2026-07-11 21:46:32.298 WARNING (MainThread) [custom_components.ge_home.sensor] GE_HOME_LAUNDRY_STATE_DIAG platform_discovery platform=sensor.py unique_id=ge_home_AZ312796N_laundry_time_remaining entity_id=None class=GeErdSensor registered_by_entity_id=False
2026-07-11 21:46:32.298 WARNING (MainThread) [custom_components.ge_home.sensor] GE_HOME_LAUNDRY_STATE_DIAG platform_discovery platform=sensor.py unique_id=ge_home_AZ312796N_laundry_delay_time_remaining entity_id=None class=GeErdSensor registered_by_entity_id=False
2026-07-11 21:46:32.298 WARNING (MainThread) [custom_components.ge_home.sensor] GE_HOME_LAUNDRY_STATE_DIAG platform_discovery platform=sensor.py unique_id=ge_home_AZ312796N_laundry_combo_washer_time_remaining entity_id=None class=GeErdSensor registered_by_entity_id=False
2026-07-11 21:46:32.299 WARNING (MainThread) [custom_components.ge_home.sensor] GE_HOME_LAUNDRY_STATE_DIAG platform_discovery platform=sensor.py unique_id=ge_home_AZ312796N_laundry_combo_dryer_time_remaining entity_id=None class=GeErdSensor registered_by_entity_id=False
2026-07-11 21:46:32.299 WARNING (MainThread) [custom_components.ge_home.sensor] GE_HOME_LAUNDRY_STATE_DIAG platform_discovery platform=sensor.py unique_id=ge_home_AZ312796N_laundry_washer_smart_dispense_loads_left entity_id=None class=GeErdPropertySensor registered_by_entity_id=False
2026-07-11 21:46:32.299 WARNING (MainThread) [custom_components.ge_home.sensor] GE_HOME_LAUNDRY_STATE_DIAG platform_discovery platform=sensor.py unique_id=ge_home_AZ312796N_laundry_washer_smart_dispense_tank_status entity_id=None class=GeErdSensor registered_by_entity_id=False
2026-07-11 21:46:32.299 WARNING (MainThread) [custom_components.ge_home.sensor] GE_HOME_LAUNDRY_STATE_DIAG platform_discovery platform=sensor.py unique_id=ge_home_AZ312796N_laundry_dryer_extended_tumble_option_selection entity_id=None class=GeErdSensor registered_by_entity_id=False
2026-07-11 22:25:23.425 WARNING (MainThread) [homeassistant.components.input_text] Invalid value: mode=cool|transition=cool->off|col=2|tin=23.98|off_cool_vigente=20.30|on_cool_vigente=20.86|decision_branch=manual_off_anchor_above_on|distancia_a_on=n/a|delta_tramo=0.00|offset_old=-3.00|offset_new=0.93|delta=3.93|anchor=0|off_anchor_obj=23.48|anchor_clamped=0|manual_off_anchor=1|off_manual_anchor_obj=24.23|manual_off_anchor_clamped=0|thermal_clamped=1|off_cool_calc_pre_limit=24.23|cool_lower_limit=17.95|cool_heat_boundary=17.95|heat_cool_deadband=0.8|climate_min_temp_safe=17.80|old_fixed_floor_removed=true|limited_by_cool_heat_boundary=False|limited_by_physical_min=False|limited_by_upper_cap=True|off_heat_vigente=17.15|on_heat_vigente=16.59|trace=01KXACK33XDK8APVWFRPSH3HQD|ts=1783833923 (length range 0 - 255)
2026-07-11 22:48:44.536 WARNING (zeroconf-ServiceBrowser-_googlecast._tcp-123) [pychromecast.dial] Failed to determine cast type for host <unknown> (<urlopen error timed out>) (services:{MDNSServiceInfo(name='AOSP-TV-on-x86-52f3e2736d488874b844f8978a480dfc._googlecast._tcp.local.')})
2026-07-11 22:49:14.579 ERROR (Thread-10) [pychromecast.socket_client] [AOSP TV on x86(10.0.2.15):8009] Failed to connect to service MDNSServiceInfo(name='AOSP-TV-on-x86-52f3e2736d488874b844f8978a480dfc._googlecast._tcp.local.'), retrying in 5.0s
